-------------------------------------------------------------------------------
Test set: com.jersey.resources.GroupResourceTest
-------------------------------------------------------------------------------
Tests run: 2, Failures: 1, Errors: 0, Skipped: 0, Time elapsed: 10.377 s <<< FAILURE! - in com.jersey.resources.GroupResourceTest
createGroup  Time elapsed: 0.092 s  <<< FAILURE!
java.lang.AssertionError: expected:<201> but was:<500>
	at com.jersey.resources.GroupResourceTest.createGroup(GroupResourceTest.java:53)

