<?xml version="1.0" encoding="UTF-8"?>
<testsuite xmlns:xsi="http://www.w3.org/2001/XMLSchema-instance" xsi:noNamespaceSchemaLocation="https://maven.apache.org/surefire/maven-surefire-plugin/xsd/surefire-test-report.xsd" name="com.jersey.resources.GroupResourceTest" time="10.377" tests="2" errors="0" skipped="0" failures="1">
  <properties>
[...]
</properties>
  <testcase name="getGroupMembers" classname="com.jersey.resources.GroupResourceTest" time="0.003"/>
  <testcase name="createGroup" classname="com.jersey.resources.GroupResourceTest" time="0.092">
    <failure message="expected:&lt;201&gt; but was:&lt;500&gt;" type="java.lang.AssertionError"><![CDATA[java.lang.AssertionError: expected:<201> but was:<500>
	at com.jersey.resources.GroupResourceTest.createGroup(GroupResourceTest.java:53)
]]></failure>
    <system-out><![CDATA[ERROR [2023-09-21 03:38:13,691] io.dropwizard.jersey.errors.LoggingExceptionMapper: Error handling a request: 2db57704ab6d3857
! org.apache.commons.lang3.NotImplementedException: null
! at com.jersey.groups.resources.GroupResource.createGroup(GroupResource.java:36)
! at java.base/jdk.internal.reflect.NativeMethodAccessorImpl.invoke0(Native Method)
! at java.base/jdk.internal.reflect.NativeMethodAccessorImpl.invoke(NativeMethodAccessorImpl.java:77)
! at java.base/jdk.internal.reflect.DelegatingMethodAccessorImpl.invoke(DelegatingMethodAccessorImpl.java:43)
! at java.base/java.lang.reflect.Method.invoke(Method.java:568)
! at org.glassfish.jersey.server.model.internal.ResourceMethodInvocationHandlerFactory.lambda$static$0(ResourceMethodInvocationHandlerFactory.java:52)
! at org.glassfish.jersey.server.model.internal.AbstractJavaResourceMethodDispatcher$1.run(AbstractJavaResourceMethodDispatcher.java:134)
! at org.glassfish.jersey.server.model.internal.AbstractJavaResourceMethodDispatcher.invoke(AbstractJavaResourceMethodDispatcher.java:177)
! at org.glassfish.jersey.server.model.internal.JavaResourceMethodDispatcherProvider$ResponseOutInvoker.doDispatch(JavaResourceMethodDispatcherProvider.java:176)
! at org.glassfish.jersey.server.model.internal.AbstractJavaResourceMethodDispatcher.dispatch(AbstractJavaResourceMethodDispatcher.java:81)
! at org.glassfish.jersey.server.model.ResourceMethodInvoker.invoke(ResourceMethodInvoker.java:478)
! at org.glassfish.jersey.server.model.ResourceMethodInvoker.apply(ResourceMethodInvoker.java:400)
! at org.glassfish.jersey.server.model.ResourceMethodInvoker.apply(ResourceMethodInvoker.java:81)
! at org.glassfish.jersey.server.ServerRuntime$1.run(ServerRuntime.java:256)
! at org.glassfish.jersey.internal.Errors$1.call(Errors.java:248)
! at org.glassfish.jersey.internal.Errors$1.call(Errors.java:244)
! at org.glassfish.jersey.internal.Errors.process(Errors.java:292)
! at org.glassfish.jersey.internal.Errors.process(Errors.java:274)
! at org.glassfish.jersey.internal.Errors.process(Errors.java:244)
! at org.glassfish.jersey.process.internal.RequestScope.runInScope(RequestScope.java:265)
! at org.glassfish.jersey.server.ServerRuntime.process(ServerRuntime.java:235)
! at org.glassfish.jersey.server.ApplicationHandler.handle(ApplicationHandler.java:684)
! at org.glassfish.jersey.servlet.WebComponent.serviceImpl(WebComponent.java:394)
! at org.glassfish.jersey.servlet.WebComponent.service(WebComponent.java:346)
! at org.glassfish.jersey.servlet.ServletContainer.service(ServletContainer.java:358)
! at org.glassfish.jersey.servlet.ServletContainer.service(ServletContainer.java:311)
! at org.glassfish.jersey.servlet.ServletContainer.service(ServletContainer.java:205)
! at org.eclipse.jetty.servlet.ServletHolder.handle(ServletHolder.java:764)
! at org.eclipse.jetty.servlet.ServletHandler$ChainEnd.doFilter(ServletHandler.java:1665)
! at io.dropwizard.servlets.ThreadNameFilter.doFilter(ThreadNameFilter.java:36)
! at org.eclipse.jetty.servlet.FilterHolder.doFilter(FilterHolder.java:202)
! at org.eclipse.jetty.servlet.ServletHandler$Chain.doFilter(ServletHandler.java:1635)
! at io.dropwizard.jersey.filter.AllowedMethodsFilter.handle(AllowedMethodsFilter.java:46)
! at io.dropwizard.jersey.filter.AllowedMethodsFilter.doFilter(AllowedMethodsFilter.java:40)
! at org.eclipse.jetty.servlet.FilterHolder.doFilter(FilterHolder.java:202)
! at org.eclipse.jetty.servlet.ServletHandler$Chain.doFilter(ServletHandler.java:1635)
! at org.eclipse.jetty.servlet.ServletHandler.doHandle(ServletHandler.java:527)
! at org.eclipse.jetty.server.handler.ScopedHandler.nextHandle(ScopedHandler.java:221)
! at org.eclipse.jetty.server.handler.ContextHandler.doHandle(ContextHandler.java:1382)
! at org.eclipse.jetty.server.handler.ScopedHandler.nextScope(ScopedHandler.java:176)
! at org.eclipse.jetty.servlet.ServletHandler.doScope(ServletHandler.java:484)
! at org.eclipse.jetty.server.handler.ScopedHandler.nextScope(ScopedHandler.java:174)
! at org.eclipse.jetty.server.handler.ContextHandler.doScope(ContextHandler.java:1304)
! at org.eclipse.jetty.server.handler.ScopedHandler.handle(ScopedHandler.java:129)
! at org.eclipse.jetty.server.handler.HandlerWrapper.handle(HandlerWrapper.java:122)
! at io.dropwizard.metrics.jetty11.InstrumentedHandler.handle(InstrumentedHandler.java:307)
! at io.dropwizard.jetty.RoutingHandler.handle(RoutingHandler.java:52)
! at org.eclipse.jetty.server.handler.HandlerWrapper.handle(HandlerWrapper.java:122)
! at org.eclipse.jetty.server.handler.gzip.GzipHandler.handle(GzipHandler.java:822)
! at io.dropwizard.jetty.ZipExceptionHandlingGzipHandler.handle(ZipExceptionHandlingGzipHandler.java:26)
! at org.eclipse.jetty.server.handler.RequestLogHandler.handle(RequestLogHandler.java:46)
! at org.eclipse.jetty.server.handler.StatisticsHandler.handle(StatisticsHandler.java:173)
! at org.eclipse.jetty.server.handler.HandlerWrapper.handle(HandlerWrapper.java:122)
! at org.eclipse.jetty.server.Server.handle(Server.java:563)
! at org.eclipse.jetty.server.HttpChannel.lambda$handle$0(HttpChannel.java:505)
! at org.eclipse.jetty.server.HttpChannel.dispatch(HttpChannel.java:762)
! at org.eclipse.jetty.server.HttpChannel.handle(HttpChannel.java:497)
! at org.eclipse.jetty.server.HttpConnection.onFillable(HttpConnection.java:282)
! at org.eclipse.jetty.io.AbstractConnection$ReadCallback.succeeded(AbstractConnection.java:314)
! at org.eclipse.jetty.io.FillInterest.fillable(FillInterest.java:100)
! at org.eclipse.jetty.io.SelectableChannelEndPoint$1.run(SelectableChannelEndPoint.java:53)
! at org.eclipse.jetty.util.thread.QueuedThreadPool.runJob(QueuedThreadPool.java:936)
! at org.eclipse.jetty.util.thread.QueuedThreadPool$Runner.run(QueuedThreadPool.java:1080)
! at java.base/java.lang.Thread.run(Thread.java:833)
]]></system-out>
  </testcase>
</testsuite>